<?xml version="1.0" encoding="UTF-8"?>
<!-- Generated by org.testng.reporters.JUnitXMLReporter -->
<testsuite hostname="DESKTOP-PGDBN7P" ignored="0" name="Default test" tests="4" failures="0" timestamp="06 Mar 2019 22:30:49 GMT" time="52.971" errors="0">
  <testcase name="test1" time="6.06" classname="utils.ExcelDataProvider"/>
  <testcase name="test1" time="4.883" classname="utils.ExcelDataProvider"/>
  <testcase name="test1" time="4.502" classname="utils.ExcelDataProvider"/>
  <testcase name="test1" time="6.613" classname="utils.ExcelDataProvider"/>
</testsuite> <!-- Default test -->
